2018-02-24 14:23:06,137 ERROR [main] - Statistics - Statistics file `C:\Users\Chris\.scalaide\statistics` is corrupted. A new one is being created. Corrupted content was:

com.cedarsoftware.util.io.JsonIoException: error parsing JSON value
	at com.cedarsoftware.util.io.JsonReader.readObject(JsonReader.java:529)
	at com.cedarsoftware.util.io.JsonReader.jsonToJava(JsonReader.java:289)
	at com.cedarsoftware.util.io.JsonReader.jsonToJava(JsonReader.java:262)
	at org.scalaide.core.internal.statistics.Statistics.read(Statistics.scala:74)
	at org.scalaide.core.internal.statistics.Statistics.$anonfun$readStats$1(Statistics.scala:52)
	at org.scalaide.core.internal.statistics.Statistics.$anonfun$readStats$1$adapted(Statistics.scala:51)
	at org.scalaide.core.ScalaIdeDataStore$.$anonfun$validate$2(ScalaIdeDataStore.scala:59)
	at org.scalaide.util.eclipse.EclipseUtils$$anon$3.run(EclipseUtils.scala:230)
	at org.eclipse.core.runtime.SafeRunner.run(SafeRunner.java:42)
	at org.scalaide.util.eclipse.EclipseUtils$.withSafeRunner(EclipseUtils.scala:226)
	at org.scalaide.core.ScalaIdeDataStore$.validate(ScalaIdeDataStore.scala:59)
	at org.scalaide.core.internal.statistics.Statistics.readStats(Statistics.scala:51)
	at org.scalaide.core.internal.statistics.Statistics.<init>(Statistics.scala:30)
	at org.scalaide.core.internal.ScalaPlugin.stats$lzycompute(ScalaPlugin.scala:135)
	at org.scalaide.core.internal.ScalaPlugin.stats(ScalaPlugin.scala:135)
	at org.scalaide.core.internal.ScalaPlugin.statistics(ScalaPlugin.scala:138)
	at org.scalaide.core.internal.ScalaPlugin.start(ScalaPlugin.scala:109)
	at org.eclipse.osgi.internal.framework.BundleContextImpl$3.run(BundleContextImpl.java:779)
	at org.eclipse.osgi.internal.framework.BundleContextImpl$3.run(BundleContextImpl.java:1)
	at java.security.AccessController.doPrivileged(Native Method)
	at org.eclipse.osgi.internal.framework.BundleContextImpl.startActivator(BundleContextImpl.java:772)
	at org.eclipse.osgi.internal.framework.BundleContextImpl.start(BundleContextImpl.java:729)
	at org.eclipse.osgi.internal.framework.EquinoxBundle.startWorker0(EquinoxBundle.java:933)
	at org.eclipse.osgi.internal.framework.EquinoxBundle$EquinoxModule.startWorker(EquinoxBundle.java:309)
	at org.eclipse.osgi.container.Module.doStart(Module.java:581)
	at org.eclipse.osgi.container.Module.start(Module.java:449)
	at org.eclipse.osgi.framework.util.SecureAction.start(SecureAction.java:468)
	at org.eclipse.osgi.internal.hooks.EclipseLazyStarter.postFindLocalClass(EclipseLazyStarter.java:103)
	at org.eclipse.osgi.internal.loader.classpath.ClasspathManager.findLocalClass(ClasspathManager.java:529)
	at org.eclipse.osgi.internal.loader.ModuleClassLoader.findLocalClass(ModuleClassLoader.java:328)
	at org.eclipse.osgi.internal.loader.BundleLoader.findLocalClass(BundleLoader.java:368)
	at org.eclipse.osgi.internal.loader.BundleLoader.findClassInternal(BundleLoader.java:446)
	at org.eclipse.osgi.internal.loader.BundleLoader.findClass(BundleLoader.java:395)
	at org.eclipse.osgi.internal.loader.BundleLoader.findClass(BundleLoader.java:387)
	at org.eclipse.osgi.internal.loader.ModuleClassLoader.loadClass(ModuleClassLoader.java:150)
	at java.lang.ClassLoader.loadClass(Unknown Source)
	at org.eclipse.osgi.internal.framework.EquinoxBundle.loadClass(EquinoxBundle.java:564)
	at org.eclipse.core.internal.registry.osgi.RegistryStrategyOSGI.createExecutableExtension(RegistryStrategyOSGI.java:174)
	at org.eclipse.core.internal.registry.ExtensionRegistry.createExecutableExtension(ExtensionRegistry.java:905)
	at org.eclipse.core.internal.registry.ConfigurationElement.createExecutableExtension(ConfigurationElement.java:243)
	at org.eclipse.core.internal.registry.ConfigurationElementHandle.createExecutableExtension(ConfigurationElementHandle.java:55)
	at org.eclipse.ui.internal.registry.PerspectiveDescriptor.createFactory(PerspectiveDescriptor.java:75)
	at org.eclipse.ui.internal.WorkbenchPage.createPerspective(WorkbenchPage.java:4172)
	at org.eclipse.ui.internal.WorkbenchPage.setPerspective(WorkbenchPage.java:4081)
	at org.eclipse.ui.internal.WorkbenchWindow.setup(WorkbenchWindow.java:744)
	at sun.reflect.NativeMethodAccessorImpl.invoke0(Native Method)
	at sun.reflect.NativeMethodAccessorImpl.invoke(Unknown Source)
	at sun.reflect.DelegatingMethodAccessorImpl.invoke(Unknown Source)
	at java.lang.reflect.Method.invoke(Unknown Source)
	at org.eclipse.e4.core.internal.di.MethodRequestor.execute(MethodRequestor.java:55)
	at org.eclipse.e4.core.internal.di.InjectorImpl.processAnnotated(InjectorImpl.java:990)
	at org.eclipse.e4.core.internal.di.InjectorImpl.inject(InjectorImpl.java:124)
	at org.eclipse.e4.core.internal.di.InjectorImpl.inject(InjectorImpl.java:91)
	at org.eclipse.e4.core.contexts.ContextInjectionFactory.inject(ContextInjectionFactory.java:73)
	at org.eclipse.ui.internal.Workbench.createWorkbenchWindow(Workbench.java:1494)
	at org.eclipse.ui.internal.Workbench.getActiveWorkbenchWindow(Workbench.java:1468)
	at org.eclipse.ui.internal.services.WorkbenchSourceProvider.updateActiveShell(WorkbenchSourceProvider.java:907)
	at org.eclipse.ui.internal.services.WorkbenchSourceProvider.getCurrentState(WorkbenchSourceProvider.java:115)
	at org.eclipse.ui.internal.services.WorkbenchSourceProvider.lambda$2(WorkbenchSourceProvider.java:668)
	at org.eclipse.swt.widgets.EventTable.sendEvent(EventTable.java:86)
	at org.eclipse.swt.widgets.Display.filterEvent(Display.java:1271)
	at org.eclipse.swt.widgets.Widget.sendEvent(Widget.java:1078)
	at org.eclipse.swt.widgets.Widget.sendEvent(Widget.java:1103)
	at org.eclipse.swt.widgets.Widget.sendEvent(Widget.java:1088)
	at org.eclipse.swt.widgets.Decorations.WM_ACTIVATE(Decorations.java:1698)
	at org.eclipse.swt.widgets.Shell.WM_ACTIVATE(Shell.java:2277)
	at org.eclipse.swt.widgets.Control.windowProc(Control.java:4840)
	at org.eclipse.swt.widgets.Canvas.windowProc(Canvas.java:359)
	at org.eclipse.swt.widgets.Decorations.windowProc(Decorations.java:1657)
	at org.eclipse.swt.widgets.Shell.windowProc(Shell.java:2199)
	at org.eclipse.swt.widgets.Display.windowProc(Display.java:5178)
	at org.eclipse.swt.internal.win32.OS.BringWindowToTop(Native Method)
	at org.eclipse.swt.widgets.Decorations.bringToTop(Decorations.java:232)
	at org.eclipse.swt.widgets.Shell.open(Shell.java:1270)
	at org.eclipse.e4.ui.workbench.renderers.swt.WBWRenderer.postProcess(WBWRenderer.java:784)
	at org.eclipse.e4.ui.internal.workbench.swt.PartRenderingEngine.safeCreateGui(PartRenderingEngine.java:679)
	at org.eclipse.e4.ui.internal.workbench.swt.PartRenderingEngine.safeCreateGui(PartRenderingEngine.java:767)
	at org.eclipse.e4.ui.internal.workbench.swt.PartRenderingEngine.access$0(PartRenderingEngine.java:738)
	at org.eclipse.e4.ui.internal.workbench.swt.PartRenderingEngine$2.run(PartRenderingEngine.java:732)
	at org.eclipse.core.runtime.SafeRunner.run(SafeRunner.java:42)
	at org.eclipse.e4.ui.internal.workbench.swt.PartRenderingEngine.createGui(PartRenderingEngine.java:716)
	at org.eclipse.e4.ui.internal.workbench.swt.PartRenderingEngine$5.run(PartRenderingEngine.java:1076)
	at org.eclipse.core.databinding.observable.Realm.runWithDefault(Realm.java:336)
	at org.eclipse.e4.ui.internal.workbench.swt.PartRenderingEngine.run(PartRenderingEngine.java:1039)
	at org.eclipse.e4.ui.internal.workbench.E4Workbench.createAndRunUI(E4Workbench.java:153)
	at org.eclipse.ui.internal.Workbench.lambda$3(Workbench.java:680)
	at org.eclipse.core.databinding.observable.Realm.runWithDefault(Realm.java:336)
	at org.eclipse.ui.internal.Workbench.createAndRunWorkbench(Workbench.java:594)
	at org.eclipse.ui.PlatformUI.createAndRunWorkbench(PlatformUI.java:148)
	at org.eclipse.ui.internal.ide.application.IDEApplication.start(IDEApplication.java:151)
	at org.eclipse.equinox.internal.app.EclipseAppHandle.run(EclipseAppHandle.java:196)
	at org.eclipse.core.runtime.internal.adaptor.EclipseAppLauncher.runApplication(EclipseAppLauncher.java:134)
	at org.eclipse.core.runtime.internal.adaptor.EclipseAppLauncher.start(EclipseAppLauncher.java:104)
	at org.eclipse.core.runtime.adaptor.EclipseStarter.run(EclipseStarter.java:388)
	at org.eclipse.core.runtime.adaptor.EclipseStarter.run(EclipseStarter.java:243)
	at sun.reflect.NativeMethodAccessorImpl.invoke0(Native Method)
	at sun.reflect.NativeMethodAccessorImpl.invoke(Unknown Source)
	at sun.reflect.DelegatingMethodAccessorImpl.invoke(Unknown Source)
	at java.lang.reflect.Method.invoke(Unknown Source)
	at org.eclipse.equinox.launcher.Main.invokeFramework(Main.java:653)
	at org.eclipse.equinox.launcher.Main.basicRun(Main.java:590)
	at org.eclipse.equinox.launcher.Main.run(Main.java:1499)
Caused by: com.cedarsoftware.util.io.JsonIoException: EOF reached prematurely
	at com.cedarsoftware.util.io.JsonParser.error(JsonParser.java:584)
	at com.cedarsoftware.util.io.JsonParser.readValue(JsonParser.java:278)
	at com.cedarsoftware.util.io.JsonReader.readObject(JsonReader.java:521)
	... 101 more
2018-02-24 14:23:28,282  WARN [ModalContext] - ScalaProject - Project ActualServer has platform default sourceLevel.
2018-02-24 14:23:28,283  WARN [ModalContext] - ScalaProject - Project ActualServer runs on platform default installation.
2018-02-24 14:23:32,021  WARN [Worker-5] - ScalaProject - Project ActualServer has platform default sourceLevel.
2018-02-24 14:23:32,021  WARN [Worker-5] - ScalaProject - Project ActualServer runs on platform default installation.
2018-02-24 14:23:51,713  WARN [main] - ScalaProject - Project ActualServer has platform default sourceLevel.
2018-02-24 14:23:51,713  WARN [main] - ScalaProject - Project ActualServer runs on platform default installation.
2018-02-24 14:23:53,464  WARN [main] - ScalaProject - Project ActualServer has platform default sourceLevel.
2018-02-24 14:23:53,464  WARN [main] - ScalaProject - Project ActualServer runs on platform default installation.
2018-02-24 14:23:53,681  WARN [Worker-1] - ScalaProject - Project ActualServer has platform default sourceLevel.
2018-02-24 14:23:53,681  WARN [Worker-1] - ScalaProject - Project ActualServer runs on platform default installation.
2018-02-24 14:25:05,837  WARN [Worker-2] - ScalaProject - Project ActualServer has platform default sourceLevel.
2018-02-24 14:25:05,837  WARN [Worker-2] - ScalaProject - Project ActualServer runs on platform default installation.
2018-02-24 14:28:14,712  WARN [Worker-5] - ScalaProject - Project ActualServer has platform default sourceLevel.
2018-02-24 14:28:14,712  WARN [Worker-5] - ScalaProject - Project ActualServer runs on platform default installation.
2018-02-24 14:29:18,893  WARN [Worker-2] - ScalaProject - Project ActualServer has platform default sourceLevel.
2018-02-24 14:29:18,893  WARN [Worker-2] - ScalaProject - Project ActualServer runs on platform default installation.
2018-02-24 14:30:43,085  WARN [main] - ScalaProject - Project ActualServer has platform default sourceLevel.
2018-02-24 14:30:43,089  WARN [main] - ScalaProject - Project ActualServer runs on platform default installation.
2018-02-24 14:30:43,093  WARN [main] - ScalaProject - Project ActualServer has platform default sourceLevel.
2018-02-24 14:30:43,093  WARN [main] - ScalaProject - Project ActualServer runs on platform default installation.
2018-02-24 14:31:08,548  WARN [Worker-7] - ScalaProject - Project ActualServer has platform default sourceLevel.
2018-02-24 14:31:08,549  WARN [Worker-7] - ScalaProject - Project ActualServer runs on platform default installation.
2018-02-24 14:31:08,579  WARN [Worker-7] - ScalaProject - Project ActualServer has platform default sourceLevel.
2018-02-24 14:31:08,579  WARN [Worker-7] - ScalaProject - Project ActualServer runs on platform default installation.
2018-02-24 14:31:51,287  WARN [Worker-12] - ScalaProject - Project ActualServer has platform default sourceLevel.
2018-02-24 14:31:51,287  WARN [Worker-12] - ScalaProject - Project ActualServer runs on platform default installation.
2018-02-24 14:43:48,387  WARN [ModalContext] - ScalaProject - Project BinanceClient has platform default sourceLevel.
2018-02-24 14:43:48,388  WARN [ModalContext] - ScalaProject - Project BinanceClient runs on platform default installation.
2018-02-24 14:43:50,762  WARN [Worker-15] - ScalaProject - Project BinanceClient has platform default sourceLevel.
2018-02-24 14:43:50,762  WARN [Worker-15] - ScalaProject - Project BinanceClient runs on platform default installation.
2018-02-24 14:44:28,141  WARN [ModalContext] - ScalaProject - Project ActualMusketeerServer has platform default sourceLevel.
2018-02-24 14:44:28,141  WARN [ModalContext] - ScalaProject - Project ActualMusketeerServer runs on platform default installation.
2018-02-24 14:44:28,269  WARN [Worker-16] - ScalaProject - Project ActualMusketeerServer has platform default sourceLevel.
2018-02-24 14:44:28,269  WARN [Worker-16] - ScalaProject - Project ActualMusketeerServer runs on platform default installation.
2018-02-24 14:44:31,348  WARN [Worker-17] - ScalaProject - Project ActualMusketeerServer has platform default sourceLevel.
2018-02-24 14:44:31,348  WARN [Worker-17] - ScalaProject - Project ActualMusketeerServer runs on platform default installation.
2018-02-24 14:44:31,354  WARN [Worker-17] - ScalaProject - Project ActualMusketeerServer has platform default sourceLevel.
2018-02-24 14:44:31,355  WARN [Worker-17] - ScalaProject - Project ActualMusketeerServer runs on platform default installation.
2018-02-24 14:45:15,940  WARN [main] - ScalaProject - Project ActualMusketeerServer has platform default sourceLevel.
2018-02-24 14:45:15,942  WARN [main] - ScalaProject - Project ActualMusketeerServer runs on platform default installation.
2018-02-24 14:45:15,946  WARN [main] - ScalaProject - Project ActualMusketeerServer has platform default sourceLevel.
2018-02-24 14:45:15,946  WARN [main] - ScalaProject - Project ActualMusketeerServer runs on platform default installation.
2018-02-24 14:45:18,902  WARN [Worker-3] - ScalaProject - Project BinanceClient has platform default sourceLevel.
2018-02-24 14:45:18,916  WARN [Worker-3] - ScalaProject - Project BinanceClient runs on platform default installation.
2018-02-24 14:50:14,004  WARN [main] - ScalaProject - Project ActualMusketeerServer has platform default sourceLevel.
2018-02-24 14:50:14,005  WARN [main] - ScalaProject - Project ActualMusketeerServer runs on platform default installation.
2018-02-24 14:50:14,010  WARN [main] - ScalaProject - Project ActualMusketeerServer has platform default sourceLevel.
2018-02-24 14:50:14,010  WARN [main] - ScalaProject - Project ActualMusketeerServer runs on platform default installation.
2018-02-24 14:50:17,457  WARN [Worker-3] - ScalaProject - Project BinanceClient has platform default sourceLevel.
2018-02-24 14:50:17,510  WARN [Worker-3] - ScalaProject - Project BinanceClient runs on platform default installation.
2018-02-24 14:51:10,002 ERROR [main] - System.err - [Fatal Error] :1:1: Content is not allowed in prolog.
2018-02-24 14:51:51,674  WARN [Worker-0] - ScalaProject - Project ActualMusketeerServer has platform default sourceLevel.
2018-02-24 14:51:51,674  WARN [Worker-0] - ScalaProject - Project ActualMusketeerServer runs on platform default installation.
2018-02-24 14:51:51,711  WARN [Worker-0] - ScalaProject - Project ActualMusketeerServer has platform default sourceLevel.
2018-02-24 14:51:51,712  WARN [Worker-0] - ScalaProject - Project ActualMusketeerServer runs on platform default installation.
2018-02-24 14:51:55,707  WARN [Worker-0] - ScalaProject - Project BinanceClient has platform default sourceLevel.
2018-02-24 14:51:55,707  WARN [Worker-0] - ScalaProject - Project BinanceClient runs on platform default installation.
2018-02-24 14:51:55,713  WARN [Worker-0] - ScalaProject - Project BinanceClient has platform default sourceLevel.
2018-02-24 14:51:55,713  WARN [Worker-0] - ScalaProject - Project BinanceClient runs on platform default installation.
2018-02-24 14:58:17,479  WARN [Worker-3] - ScalaProject - Project BinanceClient has platform default sourceLevel.
2018-02-24 14:58:17,479  WARN [Worker-3] - ScalaProject - Project BinanceClient runs on platform default installation.
2018-02-24 14:58:23,055  WARN [Worker-3] - ScalaProject - Project BinanceClient has platform default sourceLevel.
2018-02-24 14:58:23,056  WARN [Worker-3] - ScalaProject - Project BinanceClient runs on platform default installation.
2018-02-24 14:58:39,302  WARN [main] - ScalaProject - Project BinanceClient has platform default sourceLevel.
2018-02-24 14:58:39,303  WARN [main] - ScalaProject - Project BinanceClient runs on platform default installation.
2018-02-24 14:58:43,528  WARN [main] - ScalaProject - Project BinanceClient has platform default sourceLevel.
2018-02-24 14:58:43,528  WARN [main] - ScalaProject - Project BinanceClient runs on platform default installation.
2018-02-24 14:58:43,616  WARN [Worker-4] - ScalaProject - Project BinanceClient has platform default sourceLevel.
2018-02-24 14:58:43,616  WARN [Worker-4] - ScalaProject - Project BinanceClient runs on platform default installation.
2018-02-24 14:58:54,895  WARN [Worker-0] - ScalaProject - Project BinanceClient has platform default sourceLevel.
2018-02-24 14:58:54,895  WARN [Worker-0] - ScalaProject - Project BinanceClient runs on platform default installation.
2018-02-24 14:59:05,805  WARN [main] - ScalaProject - Project BinanceClient has platform default sourceLevel.
2018-02-24 14:59:05,805  WARN [main] - ScalaProject - Project BinanceClient runs on platform default installation.
2018-02-24 14:59:05,919  WARN [Worker-2] - ScalaProject - Project BinanceClient has platform default sourceLevel.
2018-02-24 14:59:05,919  WARN [Worker-2] - ScalaProject - Project BinanceClient runs on platform default installation.
2018-02-24 14:59:18,808  WARN [Worker-4] - ScalaProject - Project BinanceClient has platform default sourceLevel.
2018-02-24 14:59:18,808  WARN [Worker-4] - ScalaProject - Project BinanceClient runs on platform default installation.
2018-02-24 14:59:30,628  WARN [main] - ScalaProject - Project BinanceClient has platform default sourceLevel.
2018-02-24 14:59:30,628  WARN [main] - ScalaProject - Project BinanceClient runs on platform default installation.
2018-02-24 14:59:30,818  WARN [Worker-1] - ScalaProject - Project BinanceClient has platform default sourceLevel.
2018-02-24 14:59:30,818  WARN [Worker-1] - ScalaProject - Project BinanceClient runs on platform default installation.
2018-02-24 14:59:38,735 ERROR [Text Viewer Hover Presenter] - IScalaPresentationCompiler$ - Ignoring InterruptException
2018-02-24 14:59:38,735 ERROR [Text Viewer Hover Presenter] - IScalaPresentationCompiler$ - Ignoring InterruptException
2018-02-24 14:59:38,735 ERROR [Text Viewer Hover Presenter] - IScalaPresentationCompiler$ - Ignoring InterruptException
2018-02-24 14:59:45,968  WARN [Worker-2] - ScalaProject - Project BinanceClient has platform default sourceLevel.
2018-02-24 14:59:45,968  WARN [Worker-2] - ScalaProject - Project BinanceClient runs on platform default installation.
2018-02-24 15:00:40,788  WARN [main] - ScalaProject - Project BinanceClient has platform default sourceLevel.
2018-02-24 15:00:40,789  WARN [main] - ScalaProject - Project BinanceClient runs on platform default installation.
2018-02-24 15:00:40,793  WARN [main] - ScalaProject - Project BinanceClient has platform default sourceLevel.
2018-02-24 15:00:40,793  WARN [main] - ScalaProject - Project BinanceClient runs on platform default installation.
2018-02-24 15:00:43,763  WARN [main] - ScalaProject - Project ActualMusketeerServer has platform default sourceLevel.
2018-02-24 15:00:43,764  WARN [main] - ScalaProject - Project ActualMusketeerServer runs on platform default installation.
2018-02-24 15:01:06,061  WARN [main] - ScalaProject - Project ActualMusketeerServer has platform default sourceLevel.
2018-02-24 15:01:06,062  WARN [main] - ScalaProject - Project ActualMusketeerServer runs on platform default installation.
